<?xml version="1.0" encoding="UTF-8"?>
<!-- Generated by org.testng.reporters.JUnitReportReporter -->
<testsuite hostname="DESKTOP-BNAJ1TF" failures="0" tests="2" name="practices.annotionTest" time="0.013" errors="0" timestamp="2022-06-14T05:18:54 IST" skipped="0">
  <testcase classname="practices.annotionTest" name="practiceTest" time="0.011"/>
  <system-out/>
  <testcase classname="practices.annotionTest" name="practiceTest" time="0.002"/>
  <system-out/>
</testsuite> <!-- practices.annotionTest -->
