<?xml version="1.0" encoding="UTF-8"?>
<!-- Generated by org.testng.reporters.JUnitReportReporter -->
<testsuite hostname="DESKTOP-BNAJ1TF" failures="0" tests="6" name="practices.SampleTest" time="0.023" errors="0" timestamp="2022-06-13T16:50:34 IST" skipped="0">
  <testcase classname="practices.SampleTest" name="createContactTest" time="0.005"/>
  <system-out/>
  <testcase classname="practices.SampleTest" name="createContactTest" time="0.009"/>
  <system-out/>
  <testcase classname="practices.SampleTest" name="modifyContact" time="0.002"/>
  <system-out/>
  <testcase classname="practices.SampleTest" name="deleteContactTest" time="0.003"/>
  <system-out/>
  <testcase classname="practices.SampleTest" name="deleteContactTest" time="0.002"/>
  <system-out/>
  <testcase classname="practices.SampleTest" name="deleteContactTest" time="0.002"/>
  <system-out/>
</testsuite> <!-- practices.SampleTest -->
