<?xml version="1.0" encoding="UTF-8"?>
<!-- Generated by org.testng.reporters.JUnitReportReporter -->
<testsuite hostname="DESKTOP-BNAJ1TF" failures="0" tests="1" name="com.crm.comcast.cotacttest.DeleteContactTest" time="68.930" errors="0" timestamp="2022-06-13T16:50:34 IST" skipped="0">
  <testcase classname="com.crm.comcast.cotacttest.DeleteContactTest" name="deletecontact" time="68.930"/>
  <system-out/>
</testsuite> <!-- com.crm.comcast.cotacttest.DeleteContactTest -->
